<?xml version="1.0" encoding="UTF-8"?>
<!-- Generated by org.testng.reporters.JUnitXMLReporter -->
<testsuite ignored="5" hostname="CITKalpesh" failures="0" tests="1" name="Default test" time="24.836" errors="0" timestamp="2024-06-13T19:09:22 IST">
  <testcase classname="qa.deepmarketplace.test.HomePageTest" name="searchStoreByNameTest" time="0.648"/>
  <testcase classname="qa.deepmarketplace.test.HomePageTest" name="signUpTest" time="0.0">
    <ignored/>
  </testcase> <!-- signUpTest -->
  <testcase classname="qa.deepmarketplace.test.HomePageTest" name="homepageTitleTest" time="0.0">
    <ignored/>
  </testcase> <!-- homepageTitleTest -->
  <testcase classname="qa.deepmarketplace.test.HomePageTest" name="goToStore" time="0.0">
    <ignored/>
  </testcase> <!-- goToStore -->
  <testcase classname="qa.deepmarketplace.test.HomePageTest" name="selectStoreTest" time="0.0">
    <ignored/>
  </testcase> <!-- selectStoreTest -->
  <testcase classname="qa.deepmarketplace.test.HomePageTest" name="loginTest" time="0.0">
    <ignored/>
  </testcase> <!-- loginTest -->
</testsuite> <!-- Default test -->
